<?xml version="1.0" encoding="UTF-8"?>
<!-- Generated by org.testng.reporters.JUnitReportReporter -->
<testsuite hostname="Sameer" failures="0" tests="1" name="RestAssured1.Put2" time="8.427" errors="0" timestamp="2021-12-02T01:19:10 IST" skipped="0">
  <testcase classname="RestAssured1.Put2" name="p2" time="8.427"/>
  <system-out/>
</testsuite> <!-- RestAssured1.Put2 -->
