<?xml version="1.0" encoding="UTF-8"?>
<!-- Generated by org.testng.reporters.JUnitReportReporter -->
<testsuite hostname="Sameer" failures="0" tests="1" name="RestAssured1.Put1" time="0.030" errors="0" timestamp="2021-12-02T00:59:09 IST" skipped="0">
  <testcase classname="RestAssured1.Put1" name="put1" time="0.030"/>
  <system-out/>
</testsuite> <!-- RestAssured1.Put1 -->
