<?xml version="1.0" encoding="UTF-8"?>
<!-- Generated by org.testng.reporters.JUnitReportReporter -->
<testsuite hostname="Sameer" failures="0" tests="2" name="FirstTest1" time="5.880" errors="0" timestamp="2021-11-28T03:43:30 IST" skipped="0">
  <testcase classname="FirstTest1" name="first_test" time="4.548"/>
  <system-out/>
  <testcase classname="FirstTest1" name="second_test" time="1.332"/>
  <system-out/>
</testsuite> <!-- FirstTest1 -->
