<?xml version="1.0" encoding="UTF-8"?>
<!-- Generated by org.testng.reporters.JUnitReportReporter -->
<testsuite hostname="Sameer" failures="0" tests="1" name="GetAndPost" time="4.761" errors="0" timestamp="2021-12-01T22:44:51 IST" skipped="0">
  <testcase classname="GetAndPost" name="post" time="4.761"/>
  <system-out/>
</testsuite> <!-- GetAndPost -->
