<?xml version="1.0" encoding="UTF-8"?>
<!-- Generated by org.testng.reporters.JUnitReportReporter -->
<testsuite hostname="Sameer" failures="0" tests="1" name="RestAssured1.FirstTest1" time="6.529" errors="0" timestamp="2021-12-01T01:32:53 IST" skipped="0">
  <testcase classname="RestAssured1.FirstTest1" name="first_test" time="6.529"/>
  <system-out/>
</testsuite> <!-- RestAssured1.FirstTest1 -->
