<?xml version="1.0" encoding="UTF-8"?>
<!-- Generated by org.testng.reporters.JUnitReportReporter -->
<testsuite hostname="Sameer" failures="0" tests="1" name="RestAssured1.Get1" time="8.571" errors="0" timestamp="2021-12-02T00:51:32 IST" skipped="0">
  <testcase classname="RestAssured1.Get1" name="get" time="8.571"/>
  <system-out/>
</testsuite> <!-- RestAssured1.Get1 -->
