<?xml version="1.0" encoding="UTF-8"?>
<!-- Generated by org.testng.reporters.JUnitReportReporter -->
<testsuite hostname="Sameer" failures="0" tests="1" name="RestAssured1.Delete1" time="6.856" errors="0" timestamp="2021-12-02T01:54:35 IST" skipped="0">
  <testcase classname="RestAssured1.Delete1" name="delete12" time="6.856"/>
  <system-out/>
</testsuite> <!-- RestAssured1.Delete1 -->
