<?xml version="1.0" encoding="UTF-8"?>
<!-- Generated by org.testng.reporters.JUnitReportReporter -->
<testsuite hostname="Sameer" failures="0" tests="1" name="PutPatchDelete" time="3.995" errors="0" timestamp="2021-12-01T23:44:45 IST" skipped="0">
  <testcase classname="PutPatchDelete" name="delete" time="3.995"/>
  <system-out/>
</testsuite> <!-- PutPatchDelete -->
